{"name": "test_login_scenarios[problem_user-secret_sauce-inventory.html]", "status": "failed", "statusDetails": {"message": "AssertionError: assert 'inventory.html' in 'https://www.saucedemo.com/'\n +  where 'https://www.saucedemo.com/' = <selenium.webdriver.chrome.webdriver.WebDriver (session=\"e88a170808d92c48a0f1ebf3f2c734eb\")>.current_url", "trace": "driver = <selenium.webdriver.chrome.webdriver.WebDriver (session=\"e88a170808d92c48a0f1ebf3f2c734eb\")>\nusername = 'problem_user', password = 'secret_sauce', expected_outcome = 'inventory.html'\n\n    @pytest.mark.parametrize(\"username, password, expected_outcome\", test_data)\n    def test_login_scenarios(driver, username, password, expected_outcome):\n        \"\"\"Fungsi tes yang bersih, hanya fokus pada aksi dan verifikasi.\"\"\"\n    \n        print(f\"\\n--- Tes untuk user: '{username}' ---\")\n        login_page = LoginPage(driver)\n    \n        # Selalu buka halaman login di awal untuk memastikan kondisi bersih\n        login_page.open()\n    \n        login_page.enter_username(username)\n        login_page.enter_password(password)\n        login_page.click_login()\n    \n        if \"inventory.html\" in expected_outcome:\n>           assert expected_outcome in driver.current_url\nE           assert 'inventory.html' in 'https://www.saucedemo.com/'\nE            +  where 'https://www.saucedemo.com/' = <selenium.webdriver.chrome.webdriver.WebDriver (session=\"e88a170808d92c48a0f1ebf3f2c734eb\")>.current_url\n\ntest_login.py:32: AssertionError"}, "description": "Fungsi tes yang bersih, hanya fokus pada aksi dan verifikasi.", "steps": [{"name": "Buka halaman login", "status": "passed", "start": 1759820392948, "stop": 1759820392987}, {"name": "Masukkan username: 'problem_user'", "status": "passed", "parameters": [{"name": "username", "value": "'problem_user'"}], "start": 1759820392987, "stop": 1759820393032}, {"name": "Masukkan password", "status": "passed", "parameters": [{"name": "password", "value": "'secret_sauce'"}], "start": 1759820393032, "stop": 1759820393073}, {"name": "Klik tombol login", "status": "passed", "start": 1759820393073, "stop": 1759820393108}], "attachments": [{"name": "stdout", "source": "2b8a45e8-6cfa-4cbd-9ee8-c01464d78411-attachment.txt", "type": "text/plain"}], "parameters": [{"name": "username", "value": "'problem_user'"}, {"name": "password", "value": "'secret_sauce'"}, {"name": "expected_outcome", "value": "'inventory.html'"}], "start": 1759820392948, "stop": 1759820393111, "uuid": "73d42bf2-7eb3-416a-b325-a26be6ce52d2", "historyId": "436cc4a4f8b042003fc82e5a30871a5c", "testCaseId": "f55f6ebfe4ddc05e104f95acf4067319", "fullName": "test_login#test_login_scenarios", "labels": [{"name": "suite", "value": "test_login"}, {"name": "host", "value": "CODE-ALPHA"}, {"name": "thread", "value": "13500-MainThread"}, {"name": "framework", "value": "pytest"}, {"name": "language", "value": "cpython3"}, {"name": "package", "value": "test_login"}], "titlePath": ["test_login.py"]}