{"uid":"2246e60496260e11","name":"Tes Perhitungan: 9 - 3 = 6","fullName":"test_mobile_calculator#test_calculator_operations","historyId":"24804a8e3ee0a065a8be83dea50a9de4","time":{"start":1760364660633,"stop":1760364666222,"duration":5589},"description":"\nSatu fungsi tes untuk menangani berbagai skenario perhitungan.\n","descriptionHtml":"<p>Satu fungsi tes untuk menangani berbagai skenario perhitungan.</p>\n","status":"passed","flaky":false,"newFailed":false,"newBroken":false,"newPassed":false,"retriesCount":4,"retriesStatusChange":true,"beforeStages":[{"name":"driver","time":{"start":1760364624286,"stop":1760364654461,"duration":30175},"status":"passed","steps":[],"attachments":[],"parameters":[],"shouldDisplayMessage":false,"stepsCount":0,"attachmentsCount":0,"hasContent":false,"attachmentStep":false}],"testStage":{"description":"\nSatu fungsi tes untuk menangani berbagai skenario perhitungan.\n","status":"passed","steps":[{"name":"Menekan tombol angka: '9'","time":{"start":1760364660633,"stop":1760364661454,"duration":821},"status":"passed","steps":[],"attachments":[],"parameters":[{"name":"digit","value":"'9'"}],"shouldDisplayMessage":false,"stepsCount":0,"attachmentsCount":0,"hasContent":true,"attachmentStep":false},{"name":"Menekan tombol Kurang (-)","time":{"start":1760364661454,"stop":1760364662289,"duration":835},"status":"passed","steps":[],"attachments":[],"parameters":[],"shouldDisplayMessage":false,"stepsCount":0,"attachmentsCount":0,"hasContent":false,"attachmentStep":false},{"name":"Menekan tombol angka: '3'","time":{"start":1760364662289,"stop":1760364663145,"duration":856},"status":"passed","steps":[],"attachments":[],"parameters":[{"name":"digit","value":"'3'"}],"shouldDisplayMessage":false,"stepsCount":0,"attachmentsCount":0,"hasContent":true,"attachmentStep":false},{"name":"Menekan tombol Sama Dengan (=)","time":{"start":1760364663145,"stop":1760364664342,"duration":1197},"status":"passed","steps":[],"attachments":[],"parameters":[],"shouldDisplayMessage":false,"stepsCount":0,"attachmentsCount":0,"hasContent":false,"attachmentStep":false},{"name":"Mendapatkan teks hasil akhir","time":{"start":1760364665342,"stop":1760364665479,"duration":137},"status":"passed","steps":[],"attachments":[],"parameters":[],"shouldDisplayMessage":false,"stepsCount":0,"attachmentsCount":0,"hasContent":false,"attachmentStep":false},{"name":"Membersihkan hasil (Clear)","time":{"start":1760364665479,"stop":1760364666222,"duration":743},"status":"passed","steps":[],"attachments":[],"parameters":[],"shouldDisplayMessage":false,"stepsCount":0,"attachmentsCount":0,"hasContent":false,"attachmentStep":false}],"attachments":[],"parameters":[],"shouldDisplayMessage":false,"stepsCount":6,"attachmentsCount":0,"hasContent":true,"attachmentStep":false},"afterStages":[{"name":"driver::0","time":{"start":1760364671967,"stop":1760364672958,"duration":991},"status":"passed","steps":[],"attachments":[],"parameters":[],"shouldDisplayMessage":false,"stepsCount":0,"attachmentsCount":0,"hasContent":false,"attachmentStep":false}],"labels":[{"name":"suite","value":"test_mobile_calculator"},{"name":"host","value":"CODE-ALPHA"},{"name":"thread","value":"21500-MainThread"},{"name":"framework","value":"pytest"},{"name":"language","value":"cpython3"},{"name":"package","value":"test_mobile_calculator"},{"name":"resultFormat","value":"allure2"}],"parameters":[{"name":"expected_result","value":"'6'"},{"name":"num1","value":"'9'"},{"name":"num2","value":"'3'"},{"name":"operator","value":"'-'"}],"links":[],"hidden":false,"retry":false,"extra":{"severity":"normal","retries":[{"uid":"ec33cc41fc2b9a46","status":"broken","statusDetails":"selenium.common.exceptions.NoSuchElementException: Message: An element could not be located on the page using the given search parameters.; For documentation on this error, please visit: https://www.selenium.dev/documentation/webdriver/troubleshooting/errors#nosuchelementexception\nStacktrace:\nNoSuchElementError: An element could not be located on the page using the given search parameters.\n    at AndroidUiautomator2Driver.findElOrEls (C:\\Users\\PC\\.appium\\node_modules\\appium-uiautomator2-driver\\node_modules\\appium-android-driver\\lib\\commands\\find.ts:86:11)\n    at processTicksAndRejections (node:internal/process/task_queues:105:5)\n    at AndroidUiautomator2Driver.findElOrElsWithProcessing (C:\\Users\\PC\\AppData\\Roaming\\npm\\node_modules\\appium\\node_modules\\@appium\\base-driver\\lib\\basedriver\\commands\\find.ts:60:12)\n    at AndroidUiautomator2Driver.findElement (C:\\Users\\PC\\AppData\\Roaming\\npm\\node_modules\\appium\\node_modules\\@appium\\base-driver\\lib\\basedriver\\commands\\find.ts:75:12)","time":{"start":1760364488930,"stop":1760364489876,"duration":946}},{"uid":"1b10b27d51d1f868","status":"broken","statusDetails":"selenium.common.exceptions.WebDriverException: Message: Either provide 'app' option to install 'com.google.android.calculator' or consider setting 'noReset' to 'true' if 'com.google.android.calculator' is supposed to be preinstalled.\nStacktrace:\nUnknownError: Either provide 'app' option to install 'com.google.android.calculator' or consider setting 'noReset' to 'true' if 'com.google.android.calculator' is supposed to be preinstalled.\n    at getResponseForW3CError (C:\\Users\\PC\\AppData\\Roaming\\npm\\node_modules\\appium\\node_modules\\@appium\\base-driver\\lib\\protocol\\errors.ts:1103:34)\n    at asyncHandler (C:\\Users\\PC\\AppData\\Roaming\\npm\\node_modules\\appium\\node_modules\\@appium\\base-driver\\lib\\protocol\\protocol.ts:507:57)\nThe above error is caused by\nError: Either provide 'app' option to install 'com.google.android.calculator' or consider setting 'noReset' to 'true' if 'com.google.android.calculator' is supposed to be preinstalled.\n    at AndroidUiautomator2Driver.resetAUT (C:\\Users\\PC\\.appium\\node_modules\\appium-uiautomator2-driver\\node_modules\\appium-android-driver\\lib\\commands\\app-management.js:410:11)\n    at AndroidUiautomator2Driver.initAUT (C:\\Users\\PC\\.appium\\node_modules\\appium-uiautomator2-driver\\lib\\driver.ts:794:9)","time":{"start":1760364229144,"stop":1760364229144,"duration":0}},{"uid":"9f9a29d6658cb5a6","status":"passed","time":{"start":1760363387723,"stop":1760363393535,"duration":5812}},{"uid":"d0e676ec95ce7011","status":"broken","statusDetails":"selenium.common.exceptions.WebDriverException: Message: Error executing adbExec. Original error: 'Command ''C:\\Users\\PC\\AppData\\Local\\Android\\Sdk\\platform-tools\\adb.exe' -P 5037 -s emulator-5554 shell 'settings delete global hidden_api_policy_pre_p_apps;settings delete global hidden_api_policy_p_apps;settings delete global hidden_api_policy'' exited with code 1'; Command output: adb.exe: device still authorizing\r\n\nStacktrace:\nUnknownError: Error executing adbExec. Original error: 'Command ''C:\\Users\\PC\\AppData\\Local\\Android\\Sdk\\platform-tools\\adb.exe' -P 5037 -s emulator-5554 shell 'settings delete global hidden_api_policy_pre_p_apps;settings delete global hidden_api_policy_p_apps;settings delete global hidden_api_policy'' exited with code 1'; Command output: adb.exe: device still authorizing\r\n\n    at getResponseForW3CError (C:\\Users\\PC\\AppData\\Roaming\\npm\\node_modules\\appium\\node_modules\\@appium\\base-driver\\lib\\protocol\\errors.ts:1103:34)\n    at asyncHandler (C:\\Users\\PC\\AppData\\Roaming\\npm\\node_modules\\appium\\node_modules\\@appium\\base-driver\\lib\\protocol\\protocol.ts:507:57)\nThe above error is caused by\nError: Error executing adbExec. Original error: 'Command ''C:\\Users\\PC\\AppData\\Local\\Android\\Sdk\\platform-tools\\adb.exe' -P 5037 -s emulator-5554 shell 'settings delete global hidden_api_policy_pre_p_apps;settings delete global hidden_api_policy_p_apps;settings delete global hidden_api_policy'' exited with code 1'; Command output: adb.exe: device still authorizing\r\n\n    at ChildProcess.<anonymous> (C:\\Users\\PC\\.appium\\node_modules\\appium-uiautomator2-driver\\node_modules\\teen_process\\lib\\exec.js:110:19)\n    at ChildProcess.emit (node:events:519:28)\n    at maybeClose (node:internal/child_process:1101:16)\n    at Process.ChildProcess._handle.onexit (node:internal/child_process:304:5)\n    at Process.callbackTrampoline (node:internal/async_hooks:130:17)","time":{"start":1760363318067,"stop":1760363318067,"duration":0}}],"categories":[],"tags":[]},"source":"2246e60496260e11.json","parameterValues":["'6'","'9'","'3'","'-'"]}