{"uid":"b06ddd546e57421d","name":"Tes Perhitungan: 1 + 0 = 1","fullName":"test_mobile_calculator#test_calculator_operations","historyId":"809142aa163795037d9cdc7989f32c00","time":{"start":1760364666228,"stop":1760364671965,"duration":5737},"description":"\nSatu fungsi tes untuk menangani berbagai skenario perhitungan.\n","descriptionHtml":"<p>Satu fungsi tes untuk menangani berbagai skenario perhitungan.</p>\n","status":"passed","flaky":false,"newFailed":false,"newBroken":false,"newPassed":false,"retriesCount":4,"retriesStatusChange":true,"beforeStages":[{"name":"driver","time":{"start":1760364624286,"stop":1760364654461,"duration":30175},"status":"passed","steps":[],"attachments":[],"parameters":[],"shouldDisplayMessage":false,"stepsCount":0,"attachmentsCount":0,"hasContent":false,"attachmentStep":false}],"testStage":{"description":"\nSatu fungsi tes untuk menangani berbagai skenario perhitungan.\n","status":"passed","steps":[{"name":"Menekan tombol angka: '1'","time":{"start":1760364666228,"stop":1760364667047,"duration":819},"status":"passed","steps":[],"attachments":[],"parameters":[{"name":"digit","value":"'1'"}],"shouldDisplayMessage":false,"stepsCount":0,"attachmentsCount":0,"hasContent":true,"attachmentStep":false},{"name":"Menekan tombol Tambah (+)","time":{"start":1760364667047,"stop":1760364667951,"duration":904},"status":"passed","steps":[],"attachments":[],"parameters":[],"shouldDisplayMessage":false,"stepsCount":0,"attachmentsCount":0,"hasContent":false,"attachmentStep":false},{"name":"Menekan tombol angka: '0'","time":{"start":1760364667951,"stop":1760364668874,"duration":923},"status":"passed","steps":[],"attachments":[],"parameters":[{"name":"digit","value":"'0'"}],"shouldDisplayMessage":false,"stepsCount":0,"attachmentsCount":0,"hasContent":true,"attachmentStep":false},{"name":"Menekan tombol Sama Dengan (=)","time":{"start":1760364668874,"stop":1760364670087,"duration":1213},"status":"passed","steps":[],"attachments":[],"parameters":[],"shouldDisplayMessage":false,"stepsCount":0,"attachmentsCount":0,"hasContent":false,"attachmentStep":false},{"name":"Mendapatkan teks hasil akhir","time":{"start":1760364671087,"stop":1760364671230,"duration":143},"status":"passed","steps":[],"attachments":[],"parameters":[],"shouldDisplayMessage":false,"stepsCount":0,"attachmentsCount":0,"hasContent":false,"attachmentStep":false},{"name":"Membersihkan hasil (Clear)","time":{"start":1760364671230,"stop":1760364671964,"duration":734},"status":"passed","steps":[],"attachments":[],"parameters":[],"shouldDisplayMessage":false,"stepsCount":0,"attachmentsCount":0,"hasContent":false,"attachmentStep":false}],"attachments":[{"uid":"a8ce7cb24e96ee21","name":"stdout","source":"a8ce7cb24e96ee21.txt","type":"text/plain","size":25}],"parameters":[],"shouldDisplayMessage":false,"stepsCount":6,"attachmentsCount":1,"hasContent":true,"attachmentStep":false},"afterStages":[{"name":"driver::0","time":{"start":1760364671967,"stop":1760364672958,"duration":991},"status":"passed","steps":[],"attachments":[],"parameters":[],"shouldDisplayMessage":false,"stepsCount":0,"attachmentsCount":0,"hasContent":false,"attachmentStep":false}],"labels":[{"name":"suite","value":"test_mobile_calculator"},{"name":"host","value":"CODE-ALPHA"},{"name":"thread","value":"21500-MainThread"},{"name":"framework","value":"pytest"},{"name":"language","value":"cpython3"},{"name":"package","value":"test_mobile_calculator"},{"name":"resultFormat","value":"allure2"}],"parameters":[{"name":"expected_result","value":"'1'"},{"name":"num1","value":"'1'"},{"name":"num2","value":"'0'"},{"name":"operator","value":"'+'"}],"links":[],"hidden":false,"retry":false,"extra":{"severity":"normal","retries":[{"uid":"6326546b3fdc4963","status":"broken","statusDetails":"selenium.common.exceptions.NoSuchElementException: Message: An element could not be located on the page using the given search parameters.; For documentation on this error, please visit: https://www.selenium.dev/documentation/webdriver/troubleshooting/errors#nosuchelementexception\nStacktrace:\nNoSuchElementError: An element could not be located on the page using the given search parameters.\n    at AndroidUiautomator2Driver.findElOrEls (C:\\Users\\PC\\.appium\\node_modules\\appium-uiautomator2-driver\\node_modules\\appium-android-driver\\lib\\commands\\find.ts:86:11)\n    at processTicksAndRejections (node:internal/process/task_queues:105:5)\n    at AndroidUiautomator2Driver.findElOrElsWithProcessing (C:\\Users\\PC\\AppData\\Roaming\\npm\\node_modules\\appium\\node_modules\\@appium\\base-driver\\lib\\basedriver\\commands\\find.ts:60:12)\n    at AndroidUiautomator2Driver.findElement (C:\\Users\\PC\\AppData\\Roaming\\npm\\node_modules\\appium\\node_modules\\@appium\\base-driver\\lib\\basedriver\\commands\\find.ts:75:12)","time":{"start":1760364489913,"stop":1760364491166,"duration":1253}},{"uid":"842288a981ad083b","status":"broken","statusDetails":"selenium.common.exceptions.WebDriverException: Message: Either provide 'app' option to install 'com.google.android.calculator' or consider setting 'noReset' to 'true' if 'com.google.android.calculator' is supposed to be preinstalled.\nStacktrace:\nUnknownError: Either provide 'app' option to install 'com.google.android.calculator' or consider setting 'noReset' to 'true' if 'com.google.android.calculator' is supposed to be preinstalled.\n    at getResponseForW3CError (C:\\Users\\PC\\AppData\\Roaming\\npm\\node_modules\\appium\\node_modules\\@appium\\base-driver\\lib\\protocol\\errors.ts:1103:34)\n    at asyncHandler (C:\\Users\\PC\\AppData\\Roaming\\npm\\node_modules\\appium\\node_modules\\@appium\\base-driver\\lib\\protocol\\protocol.ts:507:57)\nThe above error is caused by\nError: Either provide 'app' option to install 'com.google.android.calculator' or consider setting 'noReset' to 'true' if 'com.google.android.calculator' is supposed to be preinstalled.\n    at AndroidUiautomator2Driver.resetAUT (C:\\Users\\PC\\.appium\\node_modules\\appium-uiautomator2-driver\\node_modules\\appium-android-driver\\lib\\commands\\app-management.js:410:11)\n    at AndroidUiautomator2Driver.initAUT (C:\\Users\\PC\\.appium\\node_modules\\appium-uiautomator2-driver\\lib\\driver.ts:794:9)","time":{"start":1760364229177,"stop":1760364229177,"duration":0}},{"uid":"c88fefd786dbde2b","status":"passed","time":{"start":1760363393540,"stop":1760363399255,"duration":5715}},{"uid":"ac1fec7c99ac65ec","status":"broken","statusDetails":"selenium.common.exceptions.WebDriverException: Message: Error executing adbExec. Original error: 'Command ''C:\\Users\\PC\\AppData\\Local\\Android\\Sdk\\platform-tools\\adb.exe' -P 5037 -s emulator-5554 shell 'settings delete global hidden_api_policy_pre_p_apps;settings delete global hidden_api_policy_p_apps;settings delete global hidden_api_policy'' exited with code 1'; Command output: adb.exe: device still authorizing\r\n\nStacktrace:\nUnknownError: Error executing adbExec. Original error: 'Command ''C:\\Users\\PC\\AppData\\Local\\Android\\Sdk\\platform-tools\\adb.exe' -P 5037 -s emulator-5554 shell 'settings delete global hidden_api_policy_pre_p_apps;settings delete global hidden_api_policy_p_apps;settings delete global hidden_api_policy'' exited with code 1'; Command output: adb.exe: device still authorizing\r\n\n    at getResponseForW3CError (C:\\Users\\PC\\AppData\\Roaming\\npm\\node_modules\\appium\\node_modules\\@appium\\base-driver\\lib\\protocol\\errors.ts:1103:34)\n    at asyncHandler (C:\\Users\\PC\\AppData\\Roaming\\npm\\node_modules\\appium\\node_modules\\@appium\\base-driver\\lib\\protocol\\protocol.ts:507:57)\nThe above error is caused by\nError: Error executing adbExec. Original error: 'Command ''C:\\Users\\PC\\AppData\\Local\\Android\\Sdk\\platform-tools\\adb.exe' -P 5037 -s emulator-5554 shell 'settings delete global hidden_api_policy_pre_p_apps;settings delete global hidden_api_policy_p_apps;settings delete global hidden_api_policy'' exited with code 1'; Command output: adb.exe: device still authorizing\r\n\n    at ChildProcess.<anonymous> (C:\\Users\\PC\\.appium\\node_modules\\appium-uiautomator2-driver\\node_modules\\teen_process\\lib\\exec.js:110:19)\n    at ChildProcess.emit (node:events:519:28)\n    at maybeClose (node:internal/child_process:1101:16)\n    at Process.ChildProcess._handle.onexit (node:internal/child_process:304:5)\n    at Process.callbackTrampoline (node:internal/async_hooks:130:17)","time":{"start":1760363318105,"stop":1760363318105,"duration":0}}],"categories":[],"tags":[]},"source":"b06ddd546e57421d.json","parameterValues":["'1'","'1'","'0'","'+'"]}