{"uid":"ec44b80d1d555d8","name":"test_login_scenarios[locked_out_user-secret_sauce-Sorry, this user has been locked out]","fullName":"test_login#test_login_scenarios","historyId":"b8b52adc8cbb192b77082d00f27a04fd","time":{"start":1759820372476,"stop":1759820392933,"duration":20457},"description":"Fungsi tes yang bersih, hanya fokus pada aksi dan verifikasi.","descriptionHtml":"<p>Fungsi tes yang bersih, hanya fokus pada aksi dan verifikasi.</p>\n","status":"broken","statusMessage":"selenium.common.exceptions.TimeoutException: Message: \nStacktrace:\n\tGetHandleVerifier [0x0x7ff6b5121eb5+80197]\n\tGetHandleVerifier [0x0x7ff6b5121f10+80288]\n\t(No symbol) [0x0x7ff6b4ea02fa]\n\t(No symbol) [0x0x7ff6b4ef7cd7]\n\t(No symbol) [0x0x7ff6b4ef7f9c]\n\t(No symbol) [0x0x7ff6b4f4ba87]\n\t(No symbol) [0x0x7ff6b4f203bf]\n\t(No symbol) [0x0x7ff6b4f487fb]\n\t(No symbol) [0x0x7ff6b4f20153]\n\t(No symbol) [0x0x7ff6b4ee8b02]\n\t(No symbol) [0x0x7ff6b4ee98d3]\n\tGetHandleVerifier [0x0x7ff6b53de83d+2949837]\n\tGetHandleVerifier [0x0x7ff6b53d8c6a+2926330]\n\tGetHandleVerifier [0x0x7ff6b53f86c7+3055959]\n\tGetHandleVerifier [0x0x7ff6b513cfee+191102]\n\tGetHandleVerifier [0x0x7ff6b51450af+224063]\n\tGetHandleVerifier [0x0x7ff6b512af64+117236]\n\tGetHandleVerifier [0x0x7ff6b512b119+117673]\n\tGetHandleVerifier [0x0x7ff6b51110a8+11064]\n\tBaseThreadInitThunk [0x0x7ffb0a5ce8d7+23]\n\tRtlUserThreadStart [0x0x7ffb0bf4c53c+44]","statusTrace":"driver = <selenium.webdriver.chrome.webdriver.WebDriver (session=\"e88a170808d92c48a0f1ebf3f2c734eb\")>\nusername = 'locked_out_user', password = 'secret_sauce'\nexpected_outcome = 'Sorry, this user has been locked out'\n\n    @pytest.mark.parametrize(\"username, password, expected_outcome\", test_data)\n    def test_login_scenarios(driver, username, password, expected_outcome):\n        \"\"\"Fungsi tes yang bersih, hanya fokus pada aksi dan verifikasi.\"\"\"\n    \n        print(f\"\\n--- Tes untuk user: '{username}' ---\")\n        login_page = LoginPage(driver)\n    \n        # Selalu buka halaman login di awal untuk memastikan kondisi bersih\n        login_page.open()\n    \n        login_page.enter_username(username)\n        login_page.enter_password(password)\n        login_page.click_login()\n    \n        if \"inventory.html\" in expected_outcome:\n            assert expected_outcome in driver.current_url\n        else:\n>           actual_message = login_page.get_error_message()\n                             ^^^^^^^^^^^^^^^^^^^^^^^^^^^^^^\n\ntest_login.py:34: \n_ _ _ _ _ _ _ _ _ _ _ _ _ _ _ _ _ _ _ _ _ _ _ _ _ _ _ _ _ _ _ _ _ _ _ _ _ _ _ _ _ _ _ _ _ _ _ _ _ _ _ _ _ _ _ \nLoginPage.py:40: in get_error_message\n    error_element = self.wait.until(EC.presence_of_element_located(self.error_message))\n                    ^^^^^^^^^^^^^^^^^^^^^^^^^^^^^^^^^^^^^^^^^^^^^^^^^^^^^^^^^^^^^^^^^^^\n_ _ _ _ _ _ _ _ _ _ _ _ _ _ _ _ _ _ _ _ _ _ _ _ _ _ _ _ _ _ _ _ _ _ _ _ _ _ _ _ _ _ _ _ _ _ _ _ _ _ _ _ _ _ _ \n\nself = <selenium.webdriver.support.wait.WebDriverWait (session=\"e88a170808d92c48a0f1ebf3f2c734eb\")>\nmethod = <function presence_of_element_located.<locals>._predicate at 0x000001F54390D440>, message = ''\n\n    def until(self, method: Callable[[D], Union[Literal[False], T]], message: str = \"\") -> T:\n        \"\"\"Wait until the method returns a value that is not False.\n    \n        Calls the method provided with the driver as an argument until the\n        return value does not evaluate to ``False``.\n    \n        Parameters:\n        -----------\n        method: callable(WebDriver)\n            - A callable object that takes a WebDriver instance as an argument.\n    \n        message: str\n            - Optional message for :exc:`TimeoutException`\n    \n        Return:\n        -------\n        object: T\n            - The result of the last call to `method`\n    \n        Raises:\n        -------\n        TimeoutException\n            - If 'method' does not return a truthy value within the WebDriverWait\n            object's timeout\n    \n        Example:\n        --------\n        >>> from selenium.webdriver.common.by import By\n        >>> from selenium.webdriver.support.ui import WebDriverWait\n        >>> from selenium.webdriver.support import expected_conditions as EC\n    \n        # Wait until an element is visible on the page\n        >>> wait = WebDriverWait(driver, 10)\n        >>> element = wait.until(EC.visibility_of_element_located((By.ID, \"exampleId\")))\n        >>> print(element.text)\n        \"\"\"\n        screen = None\n        stacktrace = None\n    \n        end_time = time.monotonic() + self._timeout\n        while True:\n            try:\n                value = method(self._driver)\n                if value:\n                    return value\n            except self._ignored_exceptions as exc:\n                screen = getattr(exc, \"screen\", None)\n                stacktrace = getattr(exc, \"stacktrace\", None)\n            if time.monotonic() > end_time:\n                break\n            time.sleep(self._poll)\n>       raise TimeoutException(message, screen, stacktrace)\nE       selenium.common.exceptions.TimeoutException: Message: \nE       Stacktrace:\nE       \tGetHandleVerifier [0x0x7ff6b5121eb5+80197]\nE       \tGetHandleVerifier [0x0x7ff6b5121f10+80288]\nE       \t(No symbol) [0x0x7ff6b4ea02fa]\nE       \t(No symbol) [0x0x7ff6b4ef7cd7]\nE       \t(No symbol) [0x0x7ff6b4ef7f9c]\nE       \t(No symbol) [0x0x7ff6b4f4ba87]\nE       \t(No symbol) [0x0x7ff6b4f203bf]\nE       \t(No symbol) [0x0x7ff6b4f487fb]\nE       \t(No symbol) [0x0x7ff6b4f20153]\nE       \t(No symbol) [0x0x7ff6b4ee8b02]\nE       \t(No symbol) [0x0x7ff6b4ee98d3]\nE       \tGetHandleVerifier [0x0x7ff6b53de83d+2949837]\nE       \tGetHandleVerifier [0x0x7ff6b53d8c6a+2926330]\nE       \tGetHandleVerifier [0x0x7ff6b53f86c7+3055959]\nE       \tGetHandleVerifier [0x0x7ff6b513cfee+191102]\nE       \tGetHandleVerifier [0x0x7ff6b51450af+224063]\nE       \tGetHandleVerifier [0x0x7ff6b512af64+117236]\nE       \tGetHandleVerifier [0x0x7ff6b512b119+117673]\nE       \tGetHandleVerifier [0x0x7ff6b51110a8+11064]\nE       \tBaseThreadInitThunk [0x0x7ffb0a5ce8d7+23]\nE       \tRtlUserThreadStart [0x0x7ffb0bf4c53c+44]\n\n..\\..\\AppData\\Local\\Programs\\Python\\Python313\\Lib\\site-packages\\selenium\\webdriver\\support\\wait.py:138: TimeoutException","flaky":false,"newFailed":false,"newBroken":false,"newPassed":false,"retriesCount":0,"retriesStatusChange":false,"beforeStages":[{"name":"driver","time":{"start":1759820370593,"stop":1759820371702,"duration":1109},"status":"passed","steps":[],"attachments":[],"parameters":[],"shouldDisplayMessage":false,"stepsCount":0,"attachmentsCount":0,"hasContent":false,"attachmentStep":false}],"testStage":{"description":"Fungsi tes yang bersih, hanya fokus pada aksi dan verifikasi.","status":"broken","statusMessage":"selenium.common.exceptions.TimeoutException: Message: \nStacktrace:\n\tGetHandleVerifier [0x0x7ff6b5121eb5+80197]\n\tGetHandleVerifier [0x0x7ff6b5121f10+80288]\n\t(No symbol) [0x0x7ff6b4ea02fa]\n\t(No symbol) [0x0x7ff6b4ef7cd7]\n\t(No symbol) [0x0x7ff6b4ef7f9c]\n\t(No symbol) [0x0x7ff6b4f4ba87]\n\t(No symbol) [0x0x7ff6b4f203bf]\n\t(No symbol) [0x0x7ff6b4f487fb]\n\t(No symbol) [0x0x7ff6b4f20153]\n\t(No symbol) [0x0x7ff6b4ee8b02]\n\t(No symbol) [0x0x7ff6b4ee98d3]\n\tGetHandleVerifier [0x0x7ff6b53de83d+2949837]\n\tGetHandleVerifier [0x0x7ff6b53d8c6a+2926330]\n\tGetHandleVerifier [0x0x7ff6b53f86c7+3055959]\n\tGetHandleVerifier [0x0x7ff6b513cfee+191102]\n\tGetHandleVerifier [0x0x7ff6b51450af+224063]\n\tGetHandleVerifier [0x0x7ff6b512af64+117236]\n\tGetHandleVerifier [0x0x7ff6b512b119+117673]\n\tGetHandleVerifier [0x0x7ff6b51110a8+11064]\n\tBaseThreadInitThunk [0x0x7ffb0a5ce8d7+23]\n\tRtlUserThreadStart [0x0x7ffb0bf4c53c+44]","statusTrace":"driver = <selenium.webdriver.chrome.webdriver.WebDriver (session=\"e88a170808d92c48a0f1ebf3f2c734eb\")>\nusername = 'locked_out_user', password = 'secret_sauce'\nexpected_outcome = 'Sorry, this user has been locked out'\n\n    @pytest.mark.parametrize(\"username, password, expected_outcome\", test_data)\n    def test_login_scenarios(driver, username, password, expected_outcome):\n        \"\"\"Fungsi tes yang bersih, hanya fokus pada aksi dan verifikasi.\"\"\"\n    \n        print(f\"\\n--- Tes untuk user: '{username}' ---\")\n        login_page = LoginPage(driver)\n    \n        # Selalu buka halaman login di awal untuk memastikan kondisi bersih\n        login_page.open()\n    \n        login_page.enter_username(username)\n        login_page.enter_password(password)\n        login_page.click_login()\n    \n        if \"inventory.html\" in expected_outcome:\n            assert expected_outcome in driver.current_url\n        else:\n>           actual_message = login_page.get_error_message()\n                             ^^^^^^^^^^^^^^^^^^^^^^^^^^^^^^\n\ntest_login.py:34: \n_ _ _ _ _ _ _ _ _ _ _ _ _ _ _ _ _ _ _ _ _ _ _ _ _ _ _ _ _ _ _ _ _ _ _ _ _ _ _ _ _ _ _ _ _ _ _ _ _ _ _ _ _ _ _ \nLoginPage.py:40: in get_error_message\n    error_element = self.wait.until(EC.presence_of_element_located(self.error_message))\n                    ^^^^^^^^^^^^^^^^^^^^^^^^^^^^^^^^^^^^^^^^^^^^^^^^^^^^^^^^^^^^^^^^^^^\n_ _ _ _ _ _ _ _ _ _ _ _ _ _ _ _ _ _ _ _ _ _ _ _ _ _ _ _ _ _ _ _ _ _ _ _ _ _ _ _ _ _ _ _ _ _ _ _ _ _ _ _ _ _ _ \n\nself = <selenium.webdriver.support.wait.WebDriverWait (session=\"e88a170808d92c48a0f1ebf3f2c734eb\")>\nmethod = <function presence_of_element_located.<locals>._predicate at 0x000001F54390D440>, message = ''\n\n    def until(self, method: Callable[[D], Union[Literal[False], T]], message: str = \"\") -> T:\n        \"\"\"Wait until the method returns a value that is not False.\n    \n        Calls the method provided with the driver as an argument until the\n        return value does not evaluate to ``False``.\n    \n        Parameters:\n        -----------\n        method: callable(WebDriver)\n            - A callable object that takes a WebDriver instance as an argument.\n    \n        message: str\n            - Optional message for :exc:`TimeoutException`\n    \n        Return:\n        -------\n        object: T\n            - The result of the last call to `method`\n    \n        Raises:\n        -------\n        TimeoutException\n            - If 'method' does not return a truthy value within the WebDriverWait\n            object's timeout\n    \n        Example:\n        --------\n        >>> from selenium.webdriver.common.by import By\n        >>> from selenium.webdriver.support.ui import WebDriverWait\n        >>> from selenium.webdriver.support import expected_conditions as EC\n    \n        # Wait until an element is visible on the page\n        >>> wait = WebDriverWait(driver, 10)\n        >>> element = wait.until(EC.visibility_of_element_located((By.ID, \"exampleId\")))\n        >>> print(element.text)\n        \"\"\"\n        screen = None\n        stacktrace = None\n    \n        end_time = time.monotonic() + self._timeout\n        while True:\n            try:\n                value = method(self._driver)\n                if value:\n                    return value\n            except self._ignored_exceptions as exc:\n                screen = getattr(exc, \"screen\", None)\n                stacktrace = getattr(exc, \"stacktrace\", None)\n            if time.monotonic() > end_time:\n                break\n            time.sleep(self._poll)\n>       raise TimeoutException(message, screen, stacktrace)\nE       selenium.common.exceptions.TimeoutException: Message: \nE       Stacktrace:\nE       \tGetHandleVerifier [0x0x7ff6b5121eb5+80197]\nE       \tGetHandleVerifier [0x0x7ff6b5121f10+80288]\nE       \t(No symbol) [0x0x7ff6b4ea02fa]\nE       \t(No symbol) [0x0x7ff6b4ef7cd7]\nE       \t(No symbol) [0x0x7ff6b4ef7f9c]\nE       \t(No symbol) [0x0x7ff6b4f4ba87]\nE       \t(No symbol) [0x0x7ff6b4f203bf]\nE       \t(No symbol) [0x0x7ff6b4f487fb]\nE       \t(No symbol) [0x0x7ff6b4f20153]\nE       \t(No symbol) [0x0x7ff6b4ee8b02]\nE       \t(No symbol) [0x0x7ff6b4ee98d3]\nE       \tGetHandleVerifier [0x0x7ff6b53de83d+2949837]\nE       \tGetHandleVerifier [0x0x7ff6b53d8c6a+2926330]\nE       \tGetHandleVerifier [0x0x7ff6b53f86c7+3055959]\nE       \tGetHandleVerifier [0x0x7ff6b513cfee+191102]\nE       \tGetHandleVerifier [0x0x7ff6b51450af+224063]\nE       \tGetHandleVerifier [0x0x7ff6b512af64+117236]\nE       \tGetHandleVerifier [0x0x7ff6b512b119+117673]\nE       \tGetHandleVerifier [0x0x7ff6b51110a8+11064]\nE       \tBaseThreadInitThunk [0x0x7ffb0a5ce8d7+23]\nE       \tRtlUserThreadStart [0x0x7ffb0bf4c53c+44]\n\n..\\..\\AppData\\Local\\Programs\\Python\\Python313\\Lib\\site-packages\\selenium\\webdriver\\support\\wait.py:138: TimeoutException","steps":[{"name":"Buka halaman login","time":{"start":1759820372476,"stop":1759820372556,"duration":80},"status":"passed","steps":[],"attachments":[],"parameters":[],"shouldDisplayMessage":false,"stepsCount":0,"attachmentsCount":0,"hasContent":false,"attachmentStep":false},{"name":"Masukkan username: 'locked_out_user'","time":{"start":1759820372556,"stop":1759820372625,"duration":69},"status":"passed","steps":[],"attachments":[],"parameters":[{"name":"username","value":"'locked_out_user'"}],"shouldDisplayMessage":false,"stepsCount":0,"attachmentsCount":0,"hasContent":true,"attachmentStep":false},{"name":"Masukkan password","time":{"start":1759820372625,"stop":1759820372670,"duration":45},"status":"passed","steps":[],"attachments":[],"parameters":[{"name":"password","value":"'secret_sauce'"}],"shouldDisplayMessage":false,"stepsCount":0,"attachmentsCount":0,"hasContent":true,"attachmentStep":false},{"name":"Klik tombol login","time":{"start":1759820372670,"stop":1759820372708,"duration":38},"status":"passed","steps":[],"attachments":[],"parameters":[],"shouldDisplayMessage":false,"stepsCount":0,"attachmentsCount":0,"hasContent":false,"attachmentStep":false},{"name":"Dapatkan pesan error","time":{"start":1759820372708,"stop":1759820392931,"duration":20223},"status":"broken","statusMessage":"selenium.common.exceptions.TimeoutException: Message: \nStacktrace:\n\tGetHandleVerifier [0x0x7ff6b5121eb5+80197]\n\tGetHandleVerifier [0x0x7ff6b5121f10+80288]\n\t(No symbol) [0x0x7ff6b4ea02fa]\n\t(No symbol) [0x0x7ff6b4ef7cd7]\n\t(No symbol) [0x0x7ff6b4ef7f9c]\n\t(No symbol) [0x0x7ff6b4f4ba87]\n\t(No symbol) [0x0x7ff6b4f203bf]\n\t(No symbol) [0x0x7ff6b4f487fb]\n\t(No symbol) [0x0x7ff6b4f20153]\n\t(No symbol) [0x0x7ff6b4ee8b02]\n\t(No symbol) [0x0x7ff6b4ee98d3]\n\tGetHandleVerifier [0x0x7ff6b53de83d+2949837]\n\tGetHandleVerifier [0x0x7ff6b53d8c6a+2926330]\n\tGetHandleVerifier [0x0x7ff6b53f86c7+3055959]\n\tGetHandleVerifier [0x0x7ff6b513cfee+191102]\n\tGetHandleVerifier [0x0x7ff6b51450af+224063]\n\tGetHandleVerifier [0x0x7ff6b512af64+117236]\n\tGetHandleVerifier [0x0x7ff6b512b119+117673]\n\tGetHandleVerifier [0x0x7ff6b51110a8+11064]\n\tBaseThreadInitThunk [0x0x7ffb0a5ce8d7+23]\n\tRtlUserThreadStart [0x0x7ffb0bf4c53c+44]\n\n","statusTrace":"  File \"C:\\Users\\PC\\AppData\\Local\\Programs\\Python\\Python313\\Lib\\site-packages\\allure_commons\\_allure.py\", line 202, in impl\n    return func(*a, **kw)\n  File \"C:\\Users\\PC\\Documents\\Latihan_Automasi\\LoginPage.py\", line 40, in get_error_message\n    error_element = self.wait.until(EC.presence_of_element_located(self.error_message))\n  File \"C:\\Users\\PC\\AppData\\Local\\Programs\\Python\\Python313\\Lib\\site-packages\\selenium\\webdriver\\support\\wait.py\", line 138, in until\n    raise TimeoutException(message, screen, stacktrace)\n","steps":[],"attachments":[],"parameters":[],"shouldDisplayMessage":true,"stepsCount":0,"attachmentsCount":0,"hasContent":true,"attachmentStep":false}],"attachments":[{"uid":"3569510ddca07703","name":"stdout","source":"3569510ddca07703.txt","type":"text/plain","size":43}],"parameters":[],"shouldDisplayMessage":true,"stepsCount":5,"attachmentsCount":1,"hasContent":true,"attachmentStep":false},"afterStages":[{"name":"driver::0","time":{"start":1759820393277,"stop":1759820395468,"duration":2191},"status":"passed","steps":[],"attachments":[],"parameters":[],"shouldDisplayMessage":false,"stepsCount":0,"attachmentsCount":0,"hasContent":false,"attachmentStep":false}],"labels":[{"name":"suite","value":"test_login"},{"name":"host","value":"CODE-ALPHA"},{"name":"thread","value":"13500-MainThread"},{"name":"framework","value":"pytest"},{"name":"language","value":"cpython3"},{"name":"package","value":"test_login"},{"name":"resultFormat","value":"allure2"}],"parameters":[{"name":"expected_outcome","value":"'Sorry, this user has been locked out'"},{"name":"password","value":"'secret_sauce'"},{"name":"username","value":"'locked_out_user'"}],"links":[],"hidden":true,"retry":true,"extra":{"categories":[],"tags":[]},"source":"ec44b80d1d555d8.json","parameterValues":["'Sorry, this user has been locked out'","'secret_sauce'","'locked_out_user'"]}